<?xml version="1.0" encoding="UTF-8"?>
<!-- Generated by org.testng.reporters.JUnitXMLReporter -->
<testsuite ignored="4" hostname="DESKTOP-6MP05UP" failures="0" tests="3" name="Surefire test" time="164.037" errors="0" timestamp="03 авг. 2020 11:39:21 GMT">
  <testcase classname="Tests.PagesTests" name="manyPagesTest" time="89.718"/>
  <testcase classname="Tests.PagesTests" name="pagesTest" time="46.32"/>
  <testcase classname="Tests.UserTests" name="requestCreationAndApprovalTest" time="26.844"/>
  <testcase classname="Tests.BaseTest" name="@AfterTest afterTest" time="0.0">
    <ignored/>
  </testcase> <!-- @AfterTest afterTest -->
  <testcase classname="Tests.BaseTest" name="@AfterTest afterTest" time="0.0">
    <ignored/>
  </testcase> <!-- @AfterTest afterTest -->
  <testcase classname="Tests.BaseTest" name="@BeforeTest beforeTest" time="0.0">
    <ignored/>
  </testcase> <!-- @BeforeTest beforeTest -->
  <testcase classname="Tests.BaseTest" name="@BeforeTest beforeTest" time="0.0">
    <ignored/>
  </testcase> <!-- @BeforeTest beforeTest -->
</testsuite> <!-- Surefire test -->
