<?xml version="1.0" encoding="UTF-8"?>
<!-- Generated by org.testng.reporters.JUnitXMLReporter -->
<testsuite ignored="2" hostname="DESKTOP-6MP05UP" failures="0" tests="1" name="Surefire test" time="47.134" errors="0" timestamp="05 авг. 2020 12:14:47 GMT">
  <testcase classname="Tests.UserTests" name="requestCreationAndApprovalTest" time="30.172"/>
  <testcase classname="Tests.PagesTests" name="pagesTest" time="0.0">
    <ignored/>
  </testcase> <!-- pagesTest -->
  <testcase classname="Tests.PagesTests" name="manyPagesTest" time="0.0">
    <ignored/>
  </testcase> <!-- manyPagesTest -->
</testsuite> <!-- Surefire test -->
