<?xml version="1.0" encoding="UTF-8"?>
<testng-results ignored="4" total="7" passed="3" failed="0" skipped="0">
  <reporter-output>
  </reporter-output>
  <suite started-at="2020-08-03T11:36:37Z" name="Surefire suite" finished-at="2020-08-03T11:39:21Z" duration-ms="164037">
    <groups>
    </groups>
    <test started-at="2020-08-03T11:36:37Z" name="Surefire test" finished-at="2020-08-03T11:39:21Z" duration-ms="164037">
      <class name="Tests.PagesTests">
        <test-method signature="manyPagesTest()[pri:0, instance:Tests.PagesTests@308a6984]" started-at="2020-08-03T11:36:37Z" name="manyPagesTest" finished-at="2020-08-03T11:38:06Z" duration-ms="89718" status="PASS">
          <reporter-output>
          </reporter-output>
        </test-method> <!-- manyPagesTest -->
        <test-method signature="pagesTest()[pri:0, instance:Tests.PagesTests@308a6984]" started-at="2020-08-03T11:38:07Z" name="pagesTest" finished-at="2020-08-03T11:38:53Z" duration-ms="46320" status="PASS">
          <reporter-output>
          </reporter-output>
        </test-method> <!-- pagesTest -->
      </class> <!-- Tests.PagesTests -->
      <class name="Tests.BaseTest">
        <test-method is-config="true" signature="beforeTest()[pri:0, instance:Tests.BaseTest@df5f5c0]" started-at="2020-08-03T11:36:37Z" name="beforeTest" finished-at="2020-08-03T11:36:37Z" duration-ms="94" status="PASS">
          <reporter-output>
          </reporter-output>
        </test-method> <!-- beforeTest -->
        <test-method is-config="true" signature="afterTest()[pri:0, instance:Tests.BaseTest@df5f5c0]" started-at="2020-08-03T11:39:21Z" name="afterTest" finished-at="2020-08-03T11:39:21Z" duration-ms="5" status="PASS">
          <reporter-output>
          </reporter-output>
        </test-method> <!-- afterTest -->
      </class> <!-- Tests.BaseTest -->
      <class name="Tests.UserTests">
        <test-method is-config="true" signature="beforeMethod()[pri:0, instance:Tests.UserTests@66b72664]" started-at="2020-08-03T11:38:53Z" name="beforeMethod" finished-at="2020-08-03T11:38:54Z" duration-ms="677" status="PASS">
          <reporter-output>
          </reporter-output>
        </test-method> <!-- beforeMethod -->
        <test-method signature="requestCreationAndApprovalTest()[pri:0, instance:Tests.UserTests@66b72664]" started-at="2020-08-03T11:38:54Z" name="requestCreationAndApprovalTest" finished-at="2020-08-03T11:39:21Z" duration-ms="26844" status="PASS">
          <reporter-output>
          </reporter-output>
        </test-method> <!-- requestCreationAndApprovalTest -->
      </class> <!-- Tests.UserTests -->
    </test> <!-- Surefire test -->
  </suite> <!-- Surefire suite -->
</testng-results>
