<?xml version="1.0" encoding="UTF-8"?>
<testsuite xmlns:xsi="http://www.w3.org/2001/XMLSchema-instance" xsi:noNamespaceSchemaLocation="https://maven.apache.org/surefire/maven-surefire-plugin/xsd/surefire-test-report.xsd" name="TestSuite" time="21.946" tests="1" errors="0" skipped="0" failures="1">
  <properties>
[...]
</properties>
  <testcase name="requestCreationAndApprovalTest" classname="Tests.UserTests" time="9.506">
    <failure message="Element not found {By.xpath: //input[@placeholder=&apos;Имя__ пользователя&apos;]}&#10;Expected: visible or transparent: visible or have css value opacity=0&#10;Screenshot: file:/B:/Projects/HLDNATesting/build/reports/tests/1596543259313.0.png&#10;Page source: file:/B:/Projects/HLDNATesting/build/reports/tests/1596543259313.0.html&#10;Timeout: 8 s.&#10;Caused by: NoSuchElementException: no such element: Unable to locate element: {&quot;method&quot;:&quot;xpath&quot;,&quot;selector&quot;:&quot;//input[@placeholder=&apos;Имя__ пользователя&apos;]&quot;}" type="com.codeborne.selenide.ex.ElementNotFound">com.codeborne.selenide.ex.ElementNotFound: 
Element not found {By.xpath: //input[@placeholder='Имя__ пользователя']}
Expected: visible or transparent: visible or have css value opacity=0
Screenshot: file:/B:/Projects/HLDNATesting/build/reports/tests/1596543259313.0.png
Page source: file:/B:/Projects/HLDNATesting/build/reports/tests/1596543259313.0.html
Timeout: 8 s.
Caused by: NoSuchElementException: no such element: Unable to locate element: {"method":"xpath","selector":"//input[@placeholder='Имя__ пользователя']"}
	at Tests.UserTests.requestCreationAndApprovalTest(UserTests.java:96)
Caused by: org.openqa.selenium.NoSuchElementException: 
no such element: Unable to locate element: {"method":"xpath","selector":"//input[@placeholder='Имя__ пользователя']"}
  (Session info: chrome=84.0.4147.105)
For documentation on this error, please visit: https://www.seleniumhq.org/exceptions/no_such_element.html
Build info: version: '3.141.59', revision: 'e82be7d358', time: '2018-11-14T08:17:03'
System info: host: 'DESKTOP-6MP05UP', ip: '192.168.40.1', os.name: 'Windows 10', os.arch: 'amd64', os.version: '10.0', java.version: '13.0.2'
Driver info: org.openqa.selenium.chrome.ChromeDriver
Capabilities {acceptInsecureCerts: true, browserName: chrome, browserVersion: 84.0.4147.105, chrome: {chromedriverVersion: 84.0.4147.30 (48b3e868b4cc0..., userDataDir: C:\Users\korne\AppData\Loca...}, goog:chromeOptions: {debuggerAddress: localhost:60631}, javascriptEnabled: true, networkConnectionEnabled: false, pageLoadStrategy: normal, platform: WINDOWS, platformName: WINDOWS, proxy: Proxy(), setWindowRect: true, strictFileInteractability: false, timeouts: {implicit: 0, pageLoad: 300000, script: 30000}, unhandledPromptBehavior: dismiss and notify, webauthn:virtualAuthenticators: true}
Session ID: 462dae5be4756197c8bb8f17731c9eb6
*** Element info: {Using=xpath, value=//input[@placeholder='Имя__ пользователя']}
	at Tests.UserTests.requestCreationAndApprovalTest(UserTests.java:96)
</failure>
    <system-err><![CDATA[[main] INFO com.codeborne.selenide.impl.WebDriverThreadLocalContainer - No webdriver is bound to current thread: 1 - let's create a new webdriver
[main] INFO io.github.bonigarcia.wdm.WebDriverManager - Please answer the following questionnaire based on your experience with WebDriverManager. Thanks a lot!
[main] INFO io.github.bonigarcia.wdm.WebDriverManager - ====> http://tiny.cc/wdm-survey <====
[main] INFO io.github.bonigarcia.wdm.WebDriverManager - Using chromedriver 84.0.4147.30 (since Chrome 84 is installed in your machine)
[main] INFO io.github.bonigarcia.wdm.WebDriverManager - Exporting webdriver.chrome.driver as C:\Users\korne\.m2\repository\webdriver\chromedriver\win32\84.0.4147.30\chromedriver.exe
[main] INFO com.codeborne.selenide.webdriver.AbstractDriverFactory - Write webdriver logs to: B:\Projects\HLDNATesting\build\reports\tests\webdriver.1596543242321_9088_1.log
Starting ChromeDriver 84.0.4147.30 (48b3e868b4cc0aa7e8149519690b6f6949e110a8-refs/branch-heads/4147@{#310}) on port 3958
Only local connections are allowed.
Please see https://chromedriver.chromium.org/security-considerations for suggestions on keeping ChromeDriver safe.
ChromeDriver was started successfully.
авг. 04, 2020 3:14:08 PM org.openqa.selenium.remote.ProtocolHandshake createSession
INFO: Detected dialect: W3C
[main] INFO com.codeborne.selenide.webdriver.BrowserResizer - Set browser size to 1366x768
[main] INFO com.codeborne.selenide.webdriver.WebDriverFactory - BrowserName=chrome Version=84.0.4147.105 Platform=WINDOWS
[main] INFO com.codeborne.selenide.webdriver.WebDriverFactory - Selenide v. 5.13.0
[main] INFO com.codeborne.selenide.webdriver.WebDriverFactory - Selenium WebDriver v. 3.141.59 build time: 2018-11-14T08:17:03
[main] INFO com.codeborne.selenide.drivercommands.CreateDriverCommand - Create webdriver in current thread 1: ChromeDriver -> ChromeDriver: chrome on WINDOWS (462dae5be4756197c8bb8f17731c9eb6)
[main] INFO Utils.CustomTestListener - Test class started: Tests.UserTests
[main] INFO Utils.CustomTestListener - Test started: requestCreationAndApprovalTest
[main] INFO Utils.CustomTestListener - Test FAILED: requestCreationAndApprovalTest
Element not found {By.xpath: //input[@placeholder='Имя__ пользователя']}
Expected: visible or transparent: visible or have css value opacity=0
Screenshot: file:/B:/Projects/HLDNATesting/build/reports/tests/1596543259313.0.png
Page source: file:/B:/Projects/HLDNATesting/build/reports/tests/1596543259313.0.html
Timeout: 8 s.
Caused by: NoSuchElementException: no such element: Unable to locate element: {"method":"xpath","selector":"//input[@placeholder='Имя__ пользователя']"}
	at com.codeborne.selenide.impl.WebElementSource.createElementNotFoundError(WebElementSource.java:56)
	at com.codeborne.selenide.impl.ElementFinder.createElementNotFoundError(ElementFinder.java:133)
	at com.codeborne.selenide.impl.WebElementSource.checkCondition(WebElementSource.java:87)
	at com.codeborne.selenide.impl.WebElementSource.findAndAssertElementIsInteractable(WebElementSource.java:112)
	at com.codeborne.selenide.commands.SetValue.execute(SetValue.java:36)
	at com.codeborne.selenide.commands.SetValue.execute(SetValue.java:17)
	at com.codeborne.selenide.commands.Commands.execute(Commands.java:152)
	at com.codeborne.selenide.impl.SelenideElementProxy.dispatchAndRetry(SelenideElementProxy.java:104)
	at com.codeborne.selenide.impl.SelenideElementProxy.invoke(SelenideElementProxy.java:70)
	at com.sun.proxy.$Proxy17.setValue(Unknown Source)
	at Pages.LoginPage.enterUsername(LoginPage.java:17)
	at Steps.LoginStep.login(LoginStep.java:20)
	at Tests.UserTests.requestCreationAndApprovalTest(UserTests.java:96)
	at java.base/jdk.internal.reflect.NativeMethodAccessorImpl.invoke0(Native Method)
	at java.base/jdk.internal.reflect.NativeMethodAccessorImpl.invoke(NativeMethodAccessorImpl.java:62)
	at java.base/jdk.internal.reflect.DelegatingMethodAccessorImpl.invoke(DelegatingMethodAccessorImpl.java:43)
	at java.base/java.lang.reflect.Method.invoke(Method.java:567)
	at org.testng.internal.MethodInvocationHelper.invokeMethod(MethodInvocationHelper.java:124)
	at org.testng.internal.Invoker.invokeMethod(Invoker.java:583)
	at org.testng.internal.Invoker.invokeTestMethod(Invoker.java:719)
	at org.testng.internal.Invoker.invokeTestMethods(Invoker.java:989)
	at org.testng.internal.TestMethodWorker.invokeTestMethods(TestMethodWorker.java:125)
	at org.testng.internal.TestMethodWorker.run(TestMethodWorker.java:109)
	at org.testng.TestRunner.privateRun(TestRunner.java:648)
	at org.testng.TestRunner.run(TestRunner.java:505)
	at org.testng.SuiteRunner.runTest(SuiteRunner.java:455)
	at org.testng.SuiteRunner.runSequentially(SuiteRunner.java:450)
	at org.testng.SuiteRunner.privateRun(SuiteRunner.java:415)
	at org.testng.SuiteRunner.run(SuiteRunner.java:364)
	at org.testng.SuiteRunnerWorker.runSuite(SuiteRunnerWorker.java:52)
	at org.testng.SuiteRunnerWorker.run(SuiteRunnerWorker.java:84)
	at org.testng.TestNG.runSuitesSequentially(TestNG.java:1208)
	at org.testng.TestNG.runSuitesLocally(TestNG.java:1137)
	at org.testng.TestNG.runSuites(TestNG.java:1049)
	at org.testng.TestNG.run(TestNG.java:1017)
	at org.apache.maven.surefire.testng.TestNGExecutor.run(TestNGExecutor.java:135)
	at org.apache.maven.surefire.testng.TestNGDirectoryTestSuite.executeMulti(TestNGDirectoryTestSuite.java:193)
	at org.apache.maven.surefire.testng.TestNGDirectoryTestSuite.execute(TestNGDirectoryTestSuite.java:94)
	at org.apache.maven.surefire.testng.TestNGProvider.invoke(TestNGProvider.java:146)
	at org.apache.maven.surefire.booter.ForkedBooter.invokeProviderInSameClassLoader(ForkedBooter.java:386)
	at org.apache.maven.surefire.booter.ForkedBooter.runSuitesInProcess(ForkedBooter.java:323)
	at org.apache.maven.surefire.booter.ForkedBooter.main(ForkedBooter.java:143)
Caused by: org.openqa.selenium.NoSuchElementException: no such element: Unable to locate element: {"method":"xpath","selector":"//input[@placeholder='Имя__ пользователя']"}
  (Session info: chrome=84.0.4147.105)
For documentation on this error, please visit: https://www.seleniumhq.org/exceptions/no_such_element.html
Build info: version: '3.141.59', revision: 'e82be7d358', time: '2018-11-14T08:17:03'
System info: host: 'DESKTOP-6MP05UP', ip: '192.168.40.1', os.name: 'Windows 10', os.arch: 'amd64', os.version: '10.0', java.version: '13.0.2'
Driver info: org.openqa.selenium.chrome.ChromeDriver
Capabilities {acceptInsecureCerts: true, browserName: chrome, browserVersion: 84.0.4147.105, chrome: {chromedriverVersion: 84.0.4147.30 (48b3e868b4cc0..., userDataDir: C:\Users\korne\AppData\Loca...}, goog:chromeOptions: {debuggerAddress: localhost:60631}, javascriptEnabled: true, networkConnectionEnabled: false, pageLoadStrategy: normal, platform: WINDOWS, platformName: WINDOWS, proxy: Proxy(), setWindowRect: true, strictFileInteractability: false, timeouts: {implicit: 0, pageLoad: 300000, script: 30000}, unhandledPromptBehavior: dismiss and notify, webauthn:virtualAuthenticators: true}
Session ID: 462dae5be4756197c8bb8f17731c9eb6
*** Element info: {Using=xpath, value=//input[@placeholder='Имя__ пользователя']}
	at jdk.internal.reflect.GeneratedConstructorAccessor11.newInstance(Unknown Source)
	at java.base/jdk.internal.reflect.DelegatingConstructorAccessorImpl.newInstance(DelegatingConstructorAccessorImpl.java:45)
	at java.base/java.lang.reflect.Constructor.newInstanceWithCaller(Constructor.java:500)
	at java.base/java.lang.reflect.Constructor.newInstance(Constructor.java:481)
	at org.openqa.selenium.remote.http.W3CHttpResponseCodec.createException(W3CHttpResponseCodec.java:187)
	at org.openqa.selenium.remote.http.W3CHttpResponseCodec.decode(W3CHttpResponseCodec.java:122)
	at org.openqa.selenium.remote.http.W3CHttpResponseCodec.decode(W3CHttpResponseCodec.java:49)
	at org.openqa.selenium.remote.HttpCommandExecutor.execute(HttpCommandExecutor.java:158)
	at org.openqa.selenium.remote.service.DriverCommandExecutor.execute(DriverCommandExecutor.java:83)
	at org.openqa.selenium.remote.RemoteWebDriver.execute(RemoteWebDriver.java:552)
	at org.openqa.selenium.remote.RemoteWebDriver.findElement(RemoteWebDriver.java:323)
	at org.openqa.selenium.remote.RemoteWebDriver.findElementByXPath(RemoteWebDriver.java:428)
	at org.openqa.selenium.By$ByXPath.findElement(By.java:353)
	at org.openqa.selenium.remote.RemoteWebDriver.findElement(RemoteWebDriver.java:315)
	at com.codeborne.selenide.impl.WebElementSelector.findElement(WebElementSelector.java:65)
	at com.codeborne.selenide.impl.WebElementSelector.findElement(WebElementSelector.java:40)
	at com.codeborne.selenide.impl.ElementFinder.getWebElement(ElementFinder.java:101)
	at com.codeborne.selenide.impl.WebElementSource.checkCondition(WebElementSource.java:72)
	... 39 more
]]></system-err>
  </testcase>
</testsuite>