<?xml version="1.0" encoding="UTF-8"?>
<testsuite xmlns:xsi="http://www.w3.org/2001/XMLSchema-instance" xsi:noNamespaceSchemaLocation="https://maven.apache.org/surefire/maven-surefire-plugin/xsd/surefire-test-report.xsd" name="TestSuite" time="167.391" tests="3" errors="0" skipped="0" failures="0">
  <properties>
[...]
</properties>
  <testcase name="manyPagesTest" classname="Tests.PagesTests" time="89.723"/>
  <testcase name="pagesTest" classname="Tests.PagesTests" time="46.333"/>
  <testcase name="requestCreationAndApprovalTest" classname="Tests.UserTests" time="26.847"/>
</testsuite>